  1>Checking Build System
  CMake is re-running because D:/Projects/mario1/proj.win32/CMakeFiles/generate.stamp is out-of-date.
    the file 'D:/Projects/mario1/CMakeLists.txt'
    is newer than 'D:/Projects/mario1/proj.win32/CMakeFiles/generate.stamp.depend'
    result='-1'
  -- Selecting Windows SDK version 10.0.22000.0 to target Windows 10.0.19043.
  -- PROJECT_NAME:mario1
  -- PROJECT_SOURCE_DIR:D:/Projects/mario1
  -- COCOS2DX_ROOT_PATH:D:/Projects/mario1/cocos2d
  -- CMAKE_MODULE_PATH:D:/Projects/mario1/cocos2d/cmake/Modules/
  -- PROJECT_BINARY_DIR:D:/Projects/mario1/proj.win32
  -- ENGINE_BINARY_PATH:D:/Projects/mario1/proj.win32/engine
  -- PYTHON_PATH:C:/Python27/python.exe
  -- COCOS_COMMAND_PATH:D:/cocos2d-x-4.0/cocos2d-x-4.0/tools/cocos2d-console/bin/cocos
  -- HOST_SYSTEM:Windows
  -- CMAKE_GENERATOR: Visual Studio 17 2022
  -- using Windows MSVC generate cocos2d-x project, MSVC_VERSION:1934
  -- COCOS2DX_LUAJIT_ROOT:D:/cocos2d-x-4.0/cocos2d-x-4.0/tools/cocos2d-console/bin/../plugins/plugin_luacompile/bin
  -- LUAJIT32_COMMAND:D:/cocos2d-x-4.0/cocos2d-x-4.0/tools/cocos2d-console/plugins/plugin_luacompile/bin/32bit/luajit-win32.exe
  -- LUAJIT64_COMMAND:D:/cocos2d-x-4.0/cocos2d-x-4.0/tools/cocos2d-console/plugins/plugin_luacompile/bin/64bit/luajit-win32.exe
  -- cocos_mark_code_files: cocos2d
  -- cocos_mark_code_files: mario1
  -- Configuring done (1.3s)
  -- Generating done (3.3s)
  -- Build files have been written to: D:/Projects/mario1/proj.win32
